# JRE version: OpenJDK Runtime Environment (9.0) (build 9-internal+0-2016-04-14-195246.buildd.src)
# Java VM: OpenJDK 64-Bit Server VM (9-internal+0-2016-04-14-195246.buildd.src, mixed mode, tiered, compressed oops, serial gc, linux-amd64)
Heap:
 def new generation   total 24064K, used 20986K [0x00000000c0000000, 0x00000000c1a10000, 0x00000000d5550000)
  eden space 21440K,  93% used [0x00000000c0000000, 0x00000000c13adf58, 0x00000000c14f0000)
  from space 2624K,  31% used [0x00000000c1780000, 0x00000000c1850ab0, 0x00000000c1a10000)
  to   space 2624K,   0% used [0x00000000c14f0000, 0x00000000c14f0000, 0x00000000c1780000)
 tenured generation   total 53260K, used 29454K [0x00000000d5550000, 0x00000000d8953000, 0x0000000100000000)
   the space 53260K,  55% used [0x00000000d5550000, 0x00000000d7213ba8, 0x00000000d7213c00, 0x00000000d8953000)
 Metaspace       used 49062K, capacity 49918K, committed 50600K, reserved 1093632K
  class space    used 6411K, capacity 6602K, committed 6824K, reserved 1048576K
GC Heap History (10 events):
Event: 10885.624 GC heap before
{Heap before GC invocations=155 (full 10):
 def new generation   total 24064K, used 22604K [0x00000000c0000000, 0x00000000c1a10000, 0x00000000d5550000)
  eden space 21440K, 100% used [0x00000000c0000000, 0x00000000c14f0000, 0x00000000c14f0000)
  from space 2624K,  44% used [0x00000000c14f0000, 0x00000000c1613220, 0x00000000c1780000)
  to   space 2624K,   0% used [0x00000000c1780000, 0x00000000c1780000, 0x00000000c1a10000)
 tenured generation   total 53260K, used 28540K [0x00000000d5550000, 0x00000000d8953000, 0x0000000100000000)
   the space 53260K,  53% used [0x00000000d5550000, 0x00000000d712f3a8, 0x00000000d712f400, 0x00000000d8953000)
 Metaspace       used 48937K, capacity 49706K, committed 50600K, reserved 1093632K
  class space    used 6395K, capacity 6578K, committed 6824K, reserved 1048576K
}
Event: 10885.633 GC heap after
{Heap after GC invocations=156 (full 10):
 def new generation   total 24064K, used 1669K [0x00000000c0000000, 0x00000000c1a10000, 0x00000000d5550000)
  eden space 21440K,   0% used [0x00000000c0000000, 0x00000000c0000000, 0x00000000c14f0000)
  from space 2624K,  63% used [0x00000000c1780000, 0x00000000c19215b0, 0x00000000c1a10000)
  to   space 2624K,   0% used [0x00000000c14f0000, 0x00000000c14f0000, 0x00000000c1780000)
 tenured generation   total 53260K, used 28540K [0x00000000d5550000, 0x00000000d8953000, 0x0000000100000000)
   the space 53260K,  53% used [0x00000000d5550000, 0x00000000d712f3a8, 0x00000000d712f400, 0x00000000d8953000)
 Metaspace       used 48937K, capacity 49706K, committed 50600K, reserved 1093632K
  class space    used 6395K, capacity 6578K, committed 6824K, reserved 1048576K
}
Event: 10889.135 GC heap before
{Heap before GC invocations=156 (full 10):
 def new generation   total 24064K, used 19030K [0x00000000c0000000, 0x00000000c1a10000, 0x00000000d5550000)
  eden space 21440K,  80% used [0x00000000c0000000, 0x00000000c10f42f0, 0x00000000c14f0000)
  from space 2624K,  63% used [0x00000000c1780000, 0x00000000c19215b0, 0x00000000c1a10000)
  to   space 2624K,   0% used [0x00000000c14f0000, 0x00000000c14f0000, 0x00000000c1780000)
 tenured generation   total 53260K, used 28540K [0x00000000d5550000, 0x00000000d8953000, 0x0000000100000000)
   the space 53260K,  53% used [0x00000000d5550000, 0x00000000d712f3a8, 0x00000000d712f400, 0x00000000d8953000)
 Metaspace       used 48977K, capacity 49754K, committed 50600K, reserved 1093632K
  class space    used 6399K, capacity 6586K, committed 6824K, reserved 1048576K
}
Event: 10889.145 GC heap after
{Heap after GC invocations=157 (full 10):
 def new generation   total 24064K, used 728K [0x00000000c0000000, 0x00000000c1a10000, 0x00000000d5550000)
  eden space 21440K,   0% used [0x00000000c0000000, 0x00000000c0000000, 0x00000000c14f0000)
  from space 2624K,  27% used [0x00000000c14f0000, 0x00000000c15a6288, 0x00000000c1780000)
  to   space 2624K,   0% used [0x00000000c1780000, 0x00000000c1780000, 0x00000000c1a10000)
 tenured generation   total 53260K, used 29454K [0x00000000d5550000, 0x00000000d8953000, 0x0000000100000000)
   the space 53260K,  55% used [0x00000000d5550000, 0x00000000d7213ba8, 0x00000000d7213c00, 0x00000000d8953000)
 Metaspace       used 48977K, capacity 49754K, committed 50600K, reserved 1093632K
  class space    used 6399K, capacity 6586K, committed 6824K, reserved 1048576K
}
Event: 10894.474 GC heap before
{Heap before GC invocations=157 (full 10):
 def new generation   total 24064K, used 22168K [0x00000000c0000000, 0x00000000c1a10000, 0x00000000d5550000)
  eden space 21440K, 100% used [0x00000000c0000000, 0x00000000c14f0000, 0x00000000c14f0000)
  from space 2624K,  27% used [0x00000000c14f0000, 0x00000000c15a6288, 0x00000000c1780000)
  to   space 2624K,   0% used [0x00000000c1780000, 0x00000000c1780000, 0x00000000c1a10000)
 tenured generation   total 53260K, used 29454K [0x00000000d5550000, 0x00000000d8953000, 0x0000000100000000)
   the space 53260K,  55% used [0x00000000d5550000, 0x00000000d7213ba8, 0x00000000d7213c00, 0x00000000d8953000)
 Metaspace       used 48986K, capacity 49766K, committed 50600K, reserved 1093632K
  class space    used 6400K, capacity 6588K, committed 6824K, reserved 1048576K
}
Event: 10894.518 GC heap after
{Heap after GC invocations=158 (full 10):
 def new generation   total 24064K, used 1120K [0x00000000c0000000, 0x00000000c1a10000, 0x00000000d5550000)
  eden space 21440K,   0% used [0x00000000c0000000, 0x00000000c0000000, 0x00000000c14f0000)
  from space 2624K,  42% used [0x00000000c1780000, 0x00000000c1898278, 0x00000000c1a10000)
  to   space 2624K,   0% used [0x00000000c14f0000, 0x00000000c14f0000, 0x00000000c1780000)
 tenured generation   total 53260K, used 29454K [0x00000000d5550000, 0x00000000d8953000, 0x0000000100000000)
   the space 53260K,  55% used [0x00000000d5550000, 0x00000000d7213ba8, 0x00000000d7213c00, 0x00000000d8953000)
 Metaspace       used 48986K, capacity 49766K, committed 50600K, reserved 1093632K
  class space    used 6400K, capacity 6588K, committed 6824K, reserved 1048576K
}
Event: 10912.624 GC heap before
{Heap before GC invocations=158 (full 10):
 def new generation   total 24064K, used 22560K [0x00000000c0000000, 0x00000000c1a10000, 0x00000000d5550000)
  eden space 21440K, 100% used [0x00000000c0000000, 0x00000000c14f0000, 0x00000000c14f0000)
  from space 2624K,  42% used [0x00000000c1780000, 0x00000000c1898278, 0x00000000c1a10000)
  to   space 2624K,   0% used [0x00000000c14f0000, 0x00000000c14f0000, 0x00000000c1780000)
 tenured generation   total 53260K, used 29454K [0x00000000d5550000, 0x00000000d8953000, 0x0000000100000000)
   the space 53260K,  55% used [0x00000000d5550000, 0x00000000d7213ba8, 0x00000000d7213c00, 0x00000000d8953000)
 Metaspace       used 49023K, capacity 49824K, committed 50600K, reserved 1093632K
  class space    used 6406K, capacity 6597K, committed 6824K, reserved 1048576K
}
Event: 10913.773 GC heap after
{Heap after GC invocations=159 (full 10):
 def new generation   total 24064K, used 723K [0x00000000c0000000, 0x00000000c1a10000, 0x00000000d5550000)
  eden space 21440K,   0% used [0x00000000c0000000, 0x00000000c0000000, 0x00000000c14f0000)
  from space 2624K,  27% used [0x00000000c14f0000, 0x00000000c15a4fc0, 0x00000000c1780000)
  to   space 2624K,   0% used [0x00000000c1780000, 0x00000000c1780000, 0x00000000c1a10000)
 tenured generation   total 53260K, used 29454K [0x00000000d5550000, 0x00000000d8953000, 0x0000000100000000)
   the space 53260K,  55% used [0x00000000d5550000, 0x00000000d7213ba8, 0x00000000d7213c00, 0x00000000d8953000)
 Metaspace       used 49023K, capacity 49824K, committed 50600K, reserved 1093632K
  class space    used 6406K, capacity 6597K, committed 6824K, reserved 1048576K
}
Event: 10946.756 GC heap before
{Heap before GC invocations=159 (full 10):
 def new generation   total 24064K, used 20638K [0x00000000c0000000, 0x00000000c1a10000, 0x00000000d5550000)
  eden space 21440K,  92% used [0x00000000c0000000, 0x00000000c1372928, 0x00000000c14f0000)
  from space 2624K,  27% used [0x00000000c14f0000, 0x00000000c15a4fc0, 0x00000000c1780000)
  to   space 2624K,   0% used [0x00000000c1780000, 0x00000000c1780000, 0x00000000c1a10000)
 tenured generation   total 53260K, used 29454K [0x00000000d5550000, 0x00000000d8953000, 0x0000000100000000)
   the space 53260K,  55% used [0x00000000d5550000, 0x00000000d7213ba8, 0x00000000d7213c00, 0x00000000d8953000)
 Metaspace       used 49039K, capacity 49848K, committed 50600K, reserved 1093632K
  class space    used 6408K, capacity 6601K, committed 6824K, reserved 1048576K
}
Event: 10947.224 GC heap after
{Heap after GC invocations=160 (full 10):
 def new generation   total 24064K, used 834K [0x00000000c0000000, 0x00000000c1a10000, 0x00000000d5550000)
  eden space 21440K,   0% used [0x00000000c0000000, 0x00000000c0000000, 0x00000000c14f0000)
  from space 2624K,  31% used [0x00000000c1780000, 0x00000000c1850ab0, 0x00000000c1a10000)
  to   space 2624K,   0% used [0x00000000c14f0000, 0x00000000c14f0000, 0x00000000c1780000)
 tenured generation   total 53260K, used 29454K [0x00000000d5550000, 0x00000000d8953000, 0x0000000100000000)
   the space 53260K,  55% used [0x00000000d5550000, 0x00000000d7213ba8, 0x00000000d7213c00, 0x00000000d8953000)
 Metaspace       used 49039K, capacity 49848K, committed 50600K, reserved 1093632K
  class space    used 6408K, capacity 6601K, committed 6824K, reserved 1048576K
}

