# JRE version: OpenJDK Runtime Environment (9.0) (build 9-internal+0-2016-04-14-195246.buildd.src)
# Java VM: OpenJDK 64-Bit Server VM (9-internal+0-2016-04-14-195246.buildd.src, mixed mode, tiered, compressed oops, serial gc, linux-amd64)
Heap:
 def new generation   total 17728K, used 0K [0x00000000c0000000, 0x00000000c1330000, 0x00000000d5550000)
  eden space 15808K,   0% used [0x00000000c0000000, 0x00000000c0000000, 0x00000000c0f70000)
  from space 1920K,   0% used [0x00000000c1150000, 0x00000000c1150000, 0x00000000c1330000)
  to   space 1920K,   0% used [0x00000000c0f70000, 0x00000000c0f70000, 0x00000000c1150000)
 tenured generation   total 39776K, used 34767K [0x00000000d5550000, 0x00000000d7c28000, 0x0000000100000000)
   the space 39776K,  87% used [0x00000000d5550000, 0x00000000d7743db8, 0x00000000d7743e00, 0x00000000d7c28000)
 Metaspace       used 48279K, capacity 49296K, committed 49408K, reserved 1091584K
  class space    used 6395K, capacity 6629K, committed 6656K, reserved 1048576K
GC Heap History (10 events):
Event: 552.242 GC heap after
{Heap after GC invocations=103 (full 4):
 def new generation   total 17728K, used 1092K [0x00000000c0000000, 0x00000000c1330000, 0x00000000d5550000)
  eden space 15808K,   0% used [0x00000000c0000000, 0x00000000c0000000, 0x00000000c0f70000)
  from space 1920K,  56% used [0x00000000c0f70000, 0x00000000c1081120, 0x00000000c1150000)
  to   space 1920K,   0% used [0x00000000c1150000, 0x00000000c1150000, 0x00000000c1330000)
 tenured generation   total 39200K, used 37495K [0x00000000d5550000, 0x00000000d7b98000, 0x0000000100000000)
   the space 39200K,  95% used [0x00000000d5550000, 0x00000000d79edc90, 0x00000000d79ede00, 0x00000000d7b98000)
 Metaspace       used 48175K, capacity 49222K, committed 49408K, reserved 1091584K
  class space    used 6394K, capacity 6628K, committed 6656K, reserved 1048576K
}
Event: 552.809 GC heap before
{Heap before GC invocations=103 (full 4):
 def new generation   total 17728K, used 16900K [0x00000000c0000000, 0x00000000c1330000, 0x00000000d5550000)
  eden space 15808K, 100% used [0x00000000c0000000, 0x00000000c0f70000, 0x00000000c0f70000)
  from space 1920K,  56% used [0x00000000c0f70000, 0x00000000c1081120, 0x00000000c1150000)
  to   space 1920K,   0% used [0x00000000c1150000, 0x00000000c1150000, 0x00000000c1330000)
 tenured generation   total 39200K, used 37495K [0x00000000d5550000, 0x00000000d7b98000, 0x0000000100000000)
   the space 39200K,  95% used [0x00000000d5550000, 0x00000000d79edc90, 0x00000000d79ede00, 0x00000000d7b98000)
 Metaspace       used 48232K, capacity 49290K, committed 49408K, reserved 1091584K
  class space    used 6395K, capacity 6628K, committed 6656K, reserved 1048576K
}
Event: 552.818 GC heap after
{Heap after GC invocations=104 (full 4):
 def new generation   total 17728K, used 1288K [0x00000000c0000000, 0x00000000c1330000, 0x00000000d5550000)
  eden space 15808K,   0% used [0x00000000c0000000, 0x00000000c0000000, 0x00000000c0f70000)
  from space 1920K,  67% used [0x00000000c1150000, 0x00000000c1292320, 0x00000000c1330000)
  to   space 1920K,   0% used [0x00000000c0f70000, 0x00000000c0f70000, 0x00000000c1150000)
 tenured generation   total 39200K, used 37653K [0x00000000d5550000, 0x00000000d7b98000, 0x0000000100000000)
   the space 39200K,  96% used [0x00000000d5550000, 0x00000000d7a15758, 0x00000000d7a15800, 0x00000000d7b98000)
 Metaspace       used 48232K, capacity 49290K, committed 49408K, reserved 1091584K
  class space    used 6395K, capacity 6628K, committed 6656K, reserved 1048576K
}
Event: 552.931 GC heap before
{Heap before GC invocations=104 (full 4):
 def new generation   total 17728K, used 17096K [0x00000000c0000000, 0x00000000c1330000, 0x00000000d5550000)
  eden space 15808K, 100% used [0x00000000c0000000, 0x00000000c0f70000, 0x00000000c0f70000)
  from space 1920K,  67% used [0x00000000c1150000, 0x00000000c1292320, 0x00000000c1330000)
  to   space 1920K,   0% used [0x00000000c0f70000, 0x00000000c0f70000, 0x00000000c1150000)
 tenured generation   total 39200K, used 37653K [0x00000000d5550000, 0x00000000d7b98000, 0x0000000100000000)
   the space 39200K,  96% used [0x00000000d5550000, 0x00000000d7a15758, 0x00000000d7a15800, 0x00000000d7b98000)
 Metaspace       used 48240K, capacity 49296K, committed 49408K, reserved 1091584K
  class space    used 6395K, capacity 6629K, committed 6656K, reserved 1048576K
}
Event: 552.938 GC heap after
{Heap after GC invocations=105 (full 4):
 def new generation   total 17728K, used 1333K [0x00000000c0000000, 0x00000000c1330000, 0x00000000d5550000)
  eden space 15808K,   0% used [0x00000000c0000000, 0x00000000c0000000, 0x00000000c0f70000)
  from space 1920K,  69% used [0x00000000c0f70000, 0x00000000c10bd580, 0x00000000c1150000)
  to   space 1920K,   0% used [0x00000000c1150000, 0x00000000c1150000, 0x00000000c1330000)
 tenured generation   total 39200K, used 38147K [0x00000000d5550000, 0x00000000d7b98000, 0x0000000100000000)
   the space 39200K,  97% used [0x00000000d5550000, 0x00000000d7a90f48, 0x00000000d7a91000, 0x00000000d7b98000)
 Metaspace       used 48240K, capacity 49296K, committed 49408K, reserved 1091584K
  class space    used 6395K, capacity 6629K, committed 6656K, reserved 1048576K
}
Event: 553.196 GC heap before
{Heap before GC invocations=105 (full 4):
 def new generation   total 17728K, used 14797K [0x00000000c0000000, 0x00000000c1330000, 0x00000000d5550000)
  eden space 15808K,  85% used [0x00000000c0000000, 0x00000000c0d261f0, 0x00000000c0f70000)
  from space 1920K,  69% used [0x00000000c0f70000, 0x00000000c10bd580, 0x00000000c1150000)
  to   space 1920K,   0% used [0x00000000c1150000, 0x00000000c1150000, 0x00000000c1330000)
 tenured generation   total 39200K, used 38147K [0x00000000d5550000, 0x00000000d7b98000, 0x0000000100000000)
   the space 39200K,  97% used [0x00000000d5550000, 0x00000000d7a90f48, 0x00000000d7a91000, 0x00000000d7b98000)
 Metaspace       used 48253K, capacity 49296K, committed 49408K, reserved 1091584K
  class space    used 6395K, capacity 6629K, committed 6656K, reserved 1048576K
}
Event: 553.204 GC heap after
{Heap after GC invocations=106 (full 4):
 def new generation   total 17728K, used 636K [0x00000000c0000000, 0x00000000c1330000, 0x00000000d5550000)
  eden space 15808K,   0% used [0x00000000c0000000, 0x00000000c0000000, 0x00000000c0f70000)
  from space 1920K,  33% used [0x00000000c1150000, 0x00000000c11ef0b0, 0x00000000c1330000)
  to   space 1920K,   0% used [0x00000000c0f70000, 0x00000000c0f70000, 0x00000000c1150000)
 tenured generation   total 39200K, used 38870K [0x00000000d5550000, 0x00000000d7b98000, 0x0000000100000000)
   the space 39200K,  99% used [0x00000000d5550000, 0x00000000d7b45a10, 0x00000000d7b45c00, 0x00000000d7b98000)
 Metaspace       used 48253K, capacity 49296K, committed 49408K, reserved 1091584K
  class space    used 6395K, capacity 6629K, committed 6656K, reserved 1048576K
}
Event: 553.417 GC heap before
{Heap before GC invocations=106 (full 4):
 def new generation   total 17728K, used 16444K [0x00000000c0000000, 0x00000000c1330000, 0x00000000d5550000)
  eden space 15808K, 100% used [0x00000000c0000000, 0x00000000c0f70000, 0x00000000c0f70000)
  from space 1920K,  33% used [0x00000000c1150000, 0x00000000c11ef0b0, 0x00000000c1330000)
  to   space 1920K,   0% used [0x00000000c0f70000, 0x00000000c0f70000, 0x00000000c1150000)
 tenured generation   total 39200K, used 38870K [0x00000000d5550000, 0x00000000d7b98000, 0x0000000100000000)
   the space 39200K,  99% used [0x00000000d5550000, 0x00000000d7b45a10, 0x00000000d7b45c00, 0x00000000d7b98000)
 Metaspace       used 48262K, capacity 49296K, committed 49408K, reserved 1091584K
  class space    used 6395K, capacity 6629K, committed 6656K, reserved 1048576K
}
Event: 553.433 GC heap after
{Heap after GC invocations=107 (full 4):
 def new generation   total 17728K, used 1059K [0x00000000c0000000, 0x00000000c1330000, 0x00000000d5550000)
  eden space 15808K,   0% used [0x00000000c0000000, 0x00000000c0000000, 0x00000000c0f70000)
  from space 1920K,  55% used [0x00000000c0f70000, 0x00000000c1078d90, 0x00000000c1150000)
  to   space 1920K,   0% used [0x00000000c1150000, 0x00000000c1150000, 0x00000000c1330000)
 tenured generation   total 39200K, used 38870K [0x00000000d5550000, 0x00000000d7b98000, 0x0000000100000000)
   the space 39200K,  99% used [0x00000000d5550000, 0x00000000d7b45a10, 0x00000000d7b45c00, 0x00000000d7b98000)
 Metaspace       used 48262K, capacity 49296K, committed 49408K, reserved 1091584K
  class space    used 6395K, capacity 6629K, committed 6656K, reserved 1048576K
}
Event: 554.046 GC heap before
{Heap before GC invocations=107 (full 4):
 def new generation   total 17728K, used 16867K [0x00000000c0000000, 0x00000000c1330000, 0x00000000d5550000)
  eden space 15808K, 100% used [0x00000000c0000000, 0x00000000c0f70000, 0x00000000c0f70000)
  from space 1920K,  55% used [0x00000000c0f70000, 0x00000000c1078d90, 0x00000000c1150000)
  to   space 1920K,   0% used [0x00000000c1150000, 0x00000000c1150000, 0x00000000c1330000)
 tenured generation   total 39200K, used 38870K [0x00000000d5550000, 0x00000000d7b98000, 0x0000000100000000)
   the space 39200K,  99% used [0x00000000d5550000, 0x00000000d7b45a10, 0x00000000d7b45c00, 0x00000000d7b98000)
 Metaspace       used 48279K, capacity 49296K, committed 49408K, reserved 1091584K
  class space    used 6395K, capacity 6629K, committed 6656K, reserved 1048576K
}

