# JRE version: OpenJDK Runtime Environment (9.0) (build 9-internal+0-2016-04-14-195246.buildd.src)
# Java VM: OpenJDK 64-Bit Server VM (9-internal+0-2016-04-14-195246.buildd.src, mixed mode, tiered, compressed oops, serial gc, linux-amd64)
Heap:
 def new generation   total 22912K, used 18523K [0x00000000c0000000, 0x00000000c18d0000, 0x00000000d5550000)
  eden space 20416K,  88% used [0x00000000c0000000, 0x00000000c11ae720, 0x00000000c13f0000)
  from space 2496K,  16% used [0x00000000c1660000, 0x00000000c16c8718, 0x00000000c18d0000)
  to   space 2496K,   0% used [0x00000000c13f0000, 0x00000000c13f0000, 0x00000000c1660000)
 tenured generation   total 50668K, used 27765K [0x00000000d5550000, 0x00000000d86cb000, 0x0000000100000000)
   the space 50668K,  54% used [0x00000000d5550000, 0x00000000d706d480, 0x00000000d706d600, 0x00000000d86cb000)
 Metaspace       used 48518K, capacity 49386K, committed 50088K, reserved 1093632K
  class space    used 6419K, capacity 6618K, committed 6824K, reserved 1048576K
GC Heap History (10 events):
Event: 11873.617 GC heap before
{Heap before GC invocations=113 (full 10):
 def new generation   total 22912K, used 18268K [0x00000000c0000000, 0x00000000c18d0000, 0x00000000d5550000)
  eden space 20416K,  85% used [0x00000000c0000000, 0x00000000c1107cd8, 0x00000000c13f0000)
  from space 2496K,  33% used [0x00000000c13f0000, 0x00000000c14bf588, 0x00000000c1660000)
  to   space 2496K,   0% used [0x00000000c1660000, 0x00000000c1660000, 0x00000000c18d0000)
 tenured generation   total 50668K, used 26807K [0x00000000d5550000, 0x00000000d86cb000, 0x0000000100000000)
   the space 50668K,  52% used [0x00000000d5550000, 0x00000000d6f7dfe8, 0x00000000d6f7e000, 0x00000000d86cb000)
 Metaspace       used 48284K, capacity 49120K, committed 50088K, reserved 1093632K
  class space    used 6391K, capacity 6595K, committed 6824K, reserved 1048576K
}
Event: 11873.622 GC heap after
{Heap after GC invocations=114 (full 10):
 def new generation   total 22912K, used 927K [0x00000000c0000000, 0x00000000c18d0000, 0x00000000d5550000)
  eden space 20416K,   0% used [0x00000000c0000000, 0x00000000c0000000, 0x00000000c13f0000)
  from space 2496K,  37% used [0x00000000c1660000, 0x00000000c1747f10, 0x00000000c18d0000)
  to   space 2496K,   0% used [0x00000000c13f0000, 0x00000000c13f0000, 0x00000000c1660000)
 tenured generation   total 50668K, used 26807K [0x00000000d5550000, 0x00000000d86cb000, 0x0000000100000000)
   the space 50668K,  52% used [0x00000000d5550000, 0x00000000d6f7dfe8, 0x00000000d6f7e000, 0x00000000d86cb000)
 Metaspace       used 48284K, capacity 49120K, committed 50088K, reserved 1093632K
  class space    used 6391K, capacity 6595K, committed 6824K, reserved 1048576K
}
Event: 11874.024 GC heap before
{Heap before GC invocations=114 (full 10):
 def new generation   total 22912K, used 18317K [0x00000000c0000000, 0x00000000c18d0000, 0x00000000d5550000)
  eden space 20416K,  85% used [0x00000000c0000000, 0x00000000c10fb640, 0x00000000c13f0000)
  from space 2496K,  37% used [0x00000000c1660000, 0x00000000c1747f10, 0x00000000c18d0000)
  to   space 2496K,   0% used [0x00000000c13f0000, 0x00000000c13f0000, 0x00000000c1660000)
 tenured generation   total 50668K, used 26807K [0x00000000d5550000, 0x00000000d86cb000, 0x0000000100000000)
   the space 50668K,  52% used [0x00000000d5550000, 0x00000000d6f7dfe8, 0x00000000d6f7e000, 0x00000000d86cb000)
 Metaspace       used 48354K, capacity 49180K, committed 50088K, reserved 1093632K
  class space    used 6397K, capacity 6605K, committed 6824K, reserved 1048576K
}
Event: 11874.036 GC heap after
{Heap after GC invocations=115 (full 10):
 def new generation   total 22912K, used 1180K [0x00000000c0000000, 0x00000000c18d0000, 0x00000000d5550000)
  eden space 20416K,   0% used [0x00000000c0000000, 0x00000000c0000000, 0x00000000c13f0000)
  from space 2496K,  47% used [0x00000000c13f0000, 0x00000000c15172c0, 0x00000000c1660000)
  to   space 2496K,   0% used [0x00000000c1660000, 0x00000000c1660000, 0x00000000c18d0000)
 tenured generation   total 50668K, used 26807K [0x00000000d5550000, 0x00000000d86cb000, 0x0000000100000000)
   the space 50668K,  52% used [0x00000000d5550000, 0x00000000d6f7dfe8, 0x00000000d6f7e000, 0x00000000d86cb000)
 Metaspace       used 48354K, capacity 49180K, committed 50088K, reserved 1093632K
  class space    used 6397K, capacity 6605K, committed 6824K, reserved 1048576K
}
Event: 11874.404 GC heap before
{Heap before GC invocations=115 (full 10):
 def new generation   total 22912K, used 21596K [0x00000000c0000000, 0x00000000c18d0000, 0x00000000d5550000)
  eden space 20416K, 100% used [0x00000000c0000000, 0x00000000c13f0000, 0x00000000c13f0000)
  from space 2496K,  47% used [0x00000000c13f0000, 0x00000000c15172c0, 0x00000000c1660000)
  to   space 2496K,   0% used [0x00000000c1660000, 0x00000000c1660000, 0x00000000c18d0000)
 tenured generation   total 50668K, used 26807K [0x00000000d5550000, 0x00000000d86cb000, 0x0000000100000000)
   the space 50668K,  52% used [0x00000000d5550000, 0x00000000d6f7dfe8, 0x00000000d6f7e000, 0x00000000d86cb000)
 Metaspace       used 48398K, capacity 49280K, committed 50088K, reserved 1093632K
  class space    used 6400K, capacity 6611K, committed 6824K, reserved 1048576K
}
Event: 11874.424 GC heap after
{Heap after GC invocations=116 (full 10):
 def new generation   total 22912K, used 1565K [0x00000000c0000000, 0x00000000c18d0000, 0x00000000d5550000)
  eden space 20416K,   0% used [0x00000000c0000000, 0x00000000c0000000, 0x00000000c13f0000)
  from space 2496K,  62% used [0x00000000c1660000, 0x00000000c17e7770, 0x00000000c18d0000)
  to   space 2496K,   0% used [0x00000000c13f0000, 0x00000000c13f0000, 0x00000000c1660000)
 tenured generation   total 50668K, used 26807K [0x00000000d5550000, 0x00000000d86cb000, 0x0000000100000000)
   the space 50668K,  52% used [0x00000000d5550000, 0x00000000d6f7dfe8, 0x00000000d6f7e000, 0x00000000d86cb000)
 Metaspace       used 48398K, capacity 49280K, committed 50088K, reserved 1093632K
  class space    used 6400K, capacity 6611K, committed 6824K, reserved 1048576K
}
Event: 11874.997 GC heap before
{Heap before GC invocations=116 (full 10):
 def new generation   total 22912K, used 21981K [0x00000000c0000000, 0x00000000c18d0000, 0x00000000d5550000)
  eden space 20416K, 100% used [0x00000000c0000000, 0x00000000c13f0000, 0x00000000c13f0000)
  from space 2496K,  62% used [0x00000000c1660000, 0x00000000c17e7770, 0x00000000c18d0000)
  to   space 2496K,   0% used [0x00000000c13f0000, 0x00000000c13f0000, 0x00000000c1660000)
 tenured generation   total 50668K, used 26807K [0x00000000d5550000, 0x00000000d86cb000, 0x0000000100000000)
   the space 50668K,  52% used [0x00000000d5550000, 0x00000000d6f7dfe8, 0x00000000d6f7e000, 0x00000000d86cb000)
 Metaspace       used 48500K, capacity 49386K, committed 50088K, reserved 1093632K
  class space    used 6419K, capacity 6618K, committed 6824K, reserved 1048576K
}
Event: 11875.007 GC heap after
{Heap after GC invocations=117 (full 10):
 def new generation   total 22912K, used 2162K [0x00000000c0000000, 0x00000000c18d0000, 0x00000000d5550000)
  eden space 20416K,   0% used [0x00000000c0000000, 0x00000000c0000000, 0x00000000c13f0000)
  from space 2496K,  86% used [0x00000000c13f0000, 0x00000000c160c8a0, 0x00000000c1660000)
  to   space 2496K,   0% used [0x00000000c1660000, 0x00000000c1660000, 0x00000000c18d0000)
 tenured generation   total 50668K, used 27204K [0x00000000d5550000, 0x00000000d86cb000, 0x0000000100000000)
   the space 50668K,  53% used [0x00000000d5550000, 0x00000000d6fe10d8, 0x00000000d6fe1200, 0x00000000d86cb000)
 Metaspace       used 48500K, capacity 49386K, committed 50088K, reserved 1093632K
  class space    used 6419K, capacity 6618K, committed 6824K, reserved 1048576K
}
Event: 11905.707 GC heap before
{Heap before GC invocations=117 (full 10):
 def new generation   total 22912K, used 22270K [0x00000000c0000000, 0x00000000c18d0000, 0x00000000d5550000)
  eden space 20416K,  98% used [0x00000000c0000000, 0x00000000c13a3318, 0x00000000c13f0000)
  from space 2496K,  86% used [0x00000000c13f0000, 0x00000000c160c8a0, 0x00000000c1660000)
  to   space 2496K,   0% used [0x00000000c1660000, 0x00000000c1660000, 0x00000000c18d0000)
 tenured generation   total 50668K, used 27204K [0x00000000d5550000, 0x00000000d86cb000, 0x0000000100000000)
   the space 50668K,  53% used [0x00000000d5550000, 0x00000000d6fe10d8, 0x00000000d6fe1200, 0x00000000d86cb000)
 Metaspace       used 48504K, capacity 49386K, committed 50088K, reserved 1093632K
  class space    used 6419K, capacity 6618K, committed 6824K, reserved 1048576K
}
Event: 11905.785 GC heap after
{Heap after GC invocations=118 (full 10):
 def new generation   total 22912K, used 417K [0x00000000c0000000, 0x00000000c18d0000, 0x00000000d5550000)
  eden space 20416K,   0% used [0x00000000c0000000, 0x00000000c0000000, 0x00000000c13f0000)
  from space 2496K,  16% used [0x00000000c1660000, 0x00000000c16c8718, 0x00000000c18d0000)
  to   space 2496K,   0% used [0x00000000c13f0000, 0x00000000c13f0000, 0x00000000c1660000)
 tenured generation   total 50668K, used 27765K [0x00000000d5550000, 0x00000000d86cb000, 0x0000000100000000)
   the space 50668K,  54% used [0x00000000d5550000, 0x00000000d706d480, 0x00000000d706d600, 0x00000000d86cb000)
 Metaspace       used 48504K, capacity 49386K, committed 50088K, reserved 1093632K
  class space    used 6419K, capacity 6618K, committed 6824K, reserved 1048576K
}

